<?xml version="1.0" encoding="UTF-8"?>
<!-- Generated by org.testng.reporters.JUnitReportReporter -->
<testsuite hostname="DESKTOP-IRVRSMD" failures="0" tests="1" name="trivago.trivago" time="136.475" errors="0" timestamp="27 Apr 2019 07:12:55 GMT" skipped="0">
  <testcase classname="trivago.trivago" name="booking" time="136.475"/>
</testsuite> <!-- trivago.trivago -->
